<?xml version="1.0" encoding="UTF-8"?>
<!-- Generated by org.testng.reporters.JUnitXMLReporter -->
<testsuite ignored="0" hostname="CTMK-KNEUMOVA" failures="0" tests="10" name="SeleniumDemoKN" time="5.04" errors="0" timestamp="2022-11-09T20:28:12 CET">
  <testcase classname="assignmentTestSuite.BaseTestCase" name="open" time="0.538"/>
  <testcase classname="assignmentTestSuite.BaseTestCase" name="login" time="0.416"/>
  <testcase classname="assignmentTestSuite.TestCase2" name="clickSauceLabsBackpack" time="0.162"/>
  <testcase classname="assignmentTestSuite.TestCase2" name="verifySauceLabsBackpackTitle" time="0.304"/>
  <testcase classname="assignmentTestSuite.TestCase2" name="backToProducts" time="0.129"/>
  <testcase classname="assignmentTestSuite.TestCase2" name="addFleeceJacketToCart" time="0.247"/>
  <testcase classname="assignmentTestSuite.TestCase2" name="openShoppingCartPage" time="0.117"/>
  <testcase classname="assignmentTestSuite.TestCase2" name="checkoutOrder" time="0.127"/>
  <testcase classname="assignmentTestSuite.TestCase2" name="fillCheckoutForm" time="0.618"/>
  <testcase classname="assignmentTestSuite.TestCase2" name="verifyThankYou" time="0.059"/>
</testsuite> <!-- SeleniumDemoKN -->
